#
# There is insufficient memory for the Java Runtime Environment to continue.
# Native memory allocation (mmap) failed to map 268435456 bytes for Failed to commit area from 0x0000000700000000 to 0x0000000710000000 of length 268435456.
# Possible reasons:
#   The system is out of physical RAM or swap space
#   The process is running with CompressedOops enabled, and the Java Heap may be blocking the growth of the native heap
# Possible solutions:
#   Reduce memory load on the system
#   Increase physical memory or swap space
#   Check if swap backing store is full
#   Decrease Java heap size (-Xmx/-Xms)
#   Decrease number of Java threads
#   Decrease Java thread stack sizes (-Xss)
#   Set larger code cache with -XX:ReservedCodeCacheSize=
# This output file may be truncated or incomplete.
#
#  Out of Memory Error (c:/BuildAgent/work/5ff2f6c26000d570/src/hotspot/os/windows/os_windows.cpp:3281), pid=7244, tid=17376
#
# JRE version:  (11.0.4+10) (build )
# Java VM: OpenJDK 64-Bit Server VM (11.0.4+10-b520.11, mixed mode, aot, sharing, tiered, compressed oops, g1 gc, windows-amd64)
# No core dump will be written. Minidumps are not enabled by default on client versions of Windows
#

---------------  S U M M A R Y ------------

Command Line: org.jetbrains.git4idea.http.GitAskPassApp Username for 'http://192.168.2.35:8989': 

Host: Intel(R) Core(TM)2 Duo CPU     T7700  @ 2.40GHz, 8 cores, 15G,  Windows 10 , 64 bit Build 16299 (10.0.16299.1806)
Time: Sat Oct  2 19:14:40 2021 ?D1迆㊣那℅?那㊣?? elapsed time: 0 seconds (0d 0h 0m 0s)

---------------  T H R E A D  ---------------

Current thread (0x0000022e18d60000):  JavaThread "Unknown thread" [_thread_in_vm, id=17376, stack(0x00000089c4400000,0x00000089c4500000)]

Stack: [0x00000089c4400000,0x00000089c4500000]
Native frames: (J=compiled Java code, j=interpreted, Vv=VM code, C=native code)
V  [jvm.dll+0x5db21a]
V  [jvm.dll+0x70c4f5]
V  [jvm.dll+0x70da18]
V  [jvm.dll+0x70e0e3]
V  [jvm.dll+0x23de68]
V  [jvm.dll+0x5d8984]
V  [jvm.dll+0x5cda05]
V  [jvm.dll+0x2fa6bb]
V  [jvm.dll+0x2fa62a]
V  [jvm.dll+0x2fa502]
V  [jvm.dll+0x2ff3c6]
V  [jvm.dll+0x3478b3]
V  [jvm.dll+0x347fb6]
V  [jvm.dll+0x3479b3]
V  [jvm.dll+0x2d4f98]
V  [jvm.dll+0x2d6147]
V  [jvm.dll+0x6eb6e7]
V  [jvm.dll+0x6ecedc]
V  [jvm.dll+0x354fe9]
V  [jvm.dll+0x6d35ae]
V  [jvm.dll+0x3bd7e3]
V  [jvm.dll+0x3bfb81]
C  [java.exe+0x3763]
C  [java.exe+0x17a0c]
C  [KERNEL32.DLL+0x137e4]
C  [ntdll.dll+0x6cb61]


---------------  P R O C E S S  ---------------

Threads class SMR info:
_java_thread_list=0x0000022e17343e30, length=0, elements={
}

Java Threads: ( => current thread )

Other Threads:
  0x0000022e18d77000 GCTaskThread "GC Thread#0" [stack: 0x00000089c4500000,0x00000089c4600000] [id=27668]
  0x0000022e18dd5800 ConcurrentGCThread "G1 Main Marker" [stack: 0x00000089c4600000,0x00000089c4700000] [id=26548]
  0x0000022e18dd7800 ConcurrentGCThread "G1 Conc#0" [stack: 0x00000089c4700000,0x00000089c4800000] [id=16484]

[error occurred during error reporting (printing all threads), id 0xc0000005, EXCEPTION_ACCESS_VIOLATION (0xc0000005) at pc=0x00007fffa4e358a7]

VM state:not at safepoint (not fully initialized)

VM Mutex/Monitor currently owned by a thread:  ([mutex/lock_event])
[0x0000022e18d5c650] Heap_lock - owner thread: 0x0000022e18d60000

Heap address: 0x0000000700000000, size: 4096 MB, Compressed Oops mode: Non-zero based: 0x0000000700000000
Narrow klass base: 0x0000000000000000, Narrow klass shift: 0

GC Heap History (0 events):
No events

Deoptimization events (0 events):
No events

Classes redefined (0 events):
No events

Internal exceptions (0 events):
No events

Events (0 events):
No events


Dynamic libraries:
0x00007ff7cd1c0000 - 0x00007ff7cd207000 	D:\GJL\tools\Java\idea\ideaIU-2019.3.win(v2)\jbr\bin\java.exe
0x00007fffdc7f0000 - 0x00007fffdc9d0000 	C:\Windows\SYSTEM32\ntdll.dll
0x00007fffdc6a0000 - 0x00007fffdc74e000 	C:\Windows\System32\KERNEL32.DLL
0x00007fffd8d70000 - 0x00007fffd8fd6000 	C:\Windows\System32\KERNELBASE.dll
0x00007fffdc2f0000 - 0x00007fffdc47f000 	C:\Windows\System32\USER32.dll
0x00007fffd9220000 - 0x00007fffd9240000 	C:\Windows\System32\win32u.dll
0x00007fffd9e00000 - 0x00007fffd9e28000 	C:\Windows\System32\GDI32.dll
0x00007fffd9080000 - 0x00007fffd9213000 	C:\Windows\System32\gdi32full.dll
0x00007fffd8fe0000 - 0x00007fffd907b000 	C:\Windows\System32\msvcp_win.dll
0x00007fffd8c70000 - 0x00007fffd8d64000 	C:\Windows\System32\ucrtbase.dll
0x00007fffcb350000 - 0x00007fffcb5b9000 	C:\Windows\WinSxS\amd64_microsoft.windows.common-controls_6595b64144ccf1df_6.0.16299.2166_none_0f8e8cac5a673ae0\COMCTL32.dll
0x00007fffda9e0000 - 0x00007fffdaa7d000 	C:\Windows\System32\msvcrt.dll
0x00007fffda660000 - 0x00007fffda966000 	C:\Windows\System32\combase.dll
0x00007fffd9cc0000 - 0x00007fffd9ddf000 	C:\Windows\System32\RPCRT4.dll
0x00007fffd8bf0000 - 0x00007fffd8c68000 	C:\Windows\System32\bcryptPrimitives.dll
0x00007fffdc480000 - 0x00007fffdc4ad000 	C:\Windows\System32\IMM32.DLL
0x00007fffcd2e0000 - 0x00007fffcd2f7000 	D:\GJL\tools\Java\idea\ideaIU-2019.3.win(v2)\jbr\bin\vcruntime140.dll
0x00007fffb8e50000 - 0x00007fffb8eed000 	D:\GJL\tools\Java\idea\ideaIU-2019.3.win(v2)\jbr\bin\msvcp140.dll
0x00007fffa4b50000 - 0x00007fffa5608000 	D:\GJL\tools\Java\idea\ideaIU-2019.3.win(v2)\jbr\bin\server\jvm.dll
0x00007fffdc240000 - 0x00007fffdc2e1000 	C:\Windows\System32\ADVAPI32.dll
0x00007fffdc1e0000 - 0x00007fffdc23b000 	C:\Windows\System32\sechost.dll
0x00007fffdc4b0000 - 0x00007fffdc4b8000 	C:\Windows\System32\PSAPI.DLL
0x00007fffd5c80000 - 0x00007fffd5c89000 	C:\Windows\SYSTEM32\WSOCK32.dll
0x00007fffd1910000 - 0x00007fffd191a000 	C:\Windows\SYSTEM32\VERSION.dll
0x00007fffd5bb0000 - 0x00007fffd5bd3000 	C:\Windows\SYSTEM32\WINMM.dll
0x00007fffdc4c0000 - 0x00007fffdc52c000 	C:\Windows\System32\WS2_32.dll
0x00007fffd5b50000 - 0x00007fffd5b7a000 	C:\Windows\SYSTEM32\WINMMBASE.dll
0x00007fffd9410000 - 0x00007fffd945a000 	C:\Windows\System32\cfgmgr32.dll
0x00007fffd8bd0000 - 0x00007fffd8be1000 	C:\Windows\System32\kernel.appcore.dll
0x00007fffd3d80000 - 0x00007fffd3d91000 	D:\GJL\tools\Java\idea\ideaIU-2019.3.win(v2)\jbr\bin\verify.dll
0x00007fffc9b20000 - 0x00007fffc9ce8000 	C:\Windows\SYSTEM32\DBGHELP.DLL
0x00007fffc96e0000 - 0x00007fffc9709000 	C:\Windows\SYSTEM32\dbgcore.DLL
0x00007fffcfbd0000 - 0x00007fffcfbf9000 	D:\GJL\tools\Java\idea\ideaIU-2019.3.win(v2)\jbr\bin\java.dll
0x00007fffd3d60000 - 0x00007fffd3d77000 	D:\GJL\tools\Java\idea\ideaIU-2019.3.win(v2)\jbr\bin\zip.dll
0x00007fffd5cc0000 - 0x00007fffd5ccb000 	D:\GJL\tools\Java\idea\ideaIU-2019.3.win(v2)\jbr\bin\jimage.dll

dbghelp: loaded successfully - version: 4.0.5 - missing functions: none
symbol engine: initialized successfully - sym options: 0x614 - pdb path: .;D:\GJL\tools\Java\idea\ideaIU-2019.3.win(v2)\jbr\bin;C:\Windows\SYSTEM32;C:\Windows\WinSxS\amd64_microsoft.windows.common-controls_6595b64144ccf1df_6.0.16299.2166_none_0f8e8cac5a673ae0;D:\GJL\tools\Java\idea\ideaIU-2019.3.win(v2)\jbr\bin\server

VM Arguments:
java_command: org.jetbrains.git4idea.http.GitAskPassApp Username for 'http://192.168.2.35:8989': 
java_class_path (initial): D:/GJL/tools/Java/idea/ideaIU-2019.3.win(v2)/plugins/git4idea/lib/git4idea-rt.jar;D:/GJL/tools/Java/idea/ideaIU-2019.3.win(v2)/lib/xmlrpc-2.0.1.jar;D:/GJL/tools/Java/idea/ideaIU-2019.3.win(v2)/lib/commons-codec-1.13.jar;D:/GJL/tools/Java/idea/ideaIU-2019.3.win(v2)/lib/util.jar
Launcher Type: SUN_STANDARD

[Global flags]
     intx CICompilerCount                          = 4                                         {product} {ergonomic}
     uint ConcGCThreads                            = 2                                         {product} {ergonomic}
     uint G1ConcRefinementThreads                  = 8                                         {product} {ergonomic}
   size_t G1HeapRegionSize                         = 1048576                                   {product} {ergonomic}
    uintx GCDrainStackTargetSize                   = 64                                        {product} {ergonomic}
   size_t InitialHeapSize                          = 268435456                                 {product} {ergonomic}
   size_t MarkStackSize                            = 4194304                                   {product} {ergonomic}
   size_t MaxHeapSize                              = 4294967296                                {product} {ergonomic}
   size_t MinHeapDeltaBytes                        = 1048576                                   {product} {ergonomic}
    uintx NonNMethodCodeHeapSize                   = 5835340                                {pd product} {ergonomic}
    uintx NonProfiledCodeHeapSize                  = 122911450                              {pd product} {ergonomic}
    uintx ProfiledCodeHeapSize                     = 122911450                              {pd product} {ergonomic}
    uintx ReservedCodeCacheSize                    = 251658240                              {pd product} {ergonomic}
     bool SegmentedCodeCache                       = true                                      {product} {ergonomic}
     bool UseCompressedClassPointers               = true                                 {lp64_product} {ergonomic}
     bool UseCompressedOops                        = true                                 {lp64_product} {ergonomic}
     bool UseG1GC                                  = true                                      {product} {ergonomic}
     bool UseLargePagesIndividualAllocation        = false                                  {pd product} {ergonomic}

Logging:
Log output configuration:
 #0: stdout all=warning uptime,level,tags
 #1: stderr all=off uptime,level,tags

Environment Variables:
JAVA_HOME=D:\Java\jdk1.8.0_191
CLASSPATH=D:\Java\jdk1.8.0_191\lib;D:\Java\jdk1.8.0_191\lib\tools.jar
PATH=D:\GJL\tools\Git\mingw64\libexec\git-core;D:\GJL\tools\Git\mingw64\libexec\git-core;D:\GJL\tools\Git\mingw64\bin;D:\GJL\tools\Git\usr\bin;C:\Users\Administrator\bin;C:\Program Files (x86)\Common Files\Oracle\Java\javapath;C:\Program Files (x86)\NetSarang\Xftp 6;C:\Program Files (x86)\NetSarang\Xshell 6;C:\Windows\system32;C:\Windows;C:\Windows\System32\Wbem;C:\Windows\System32\WindowsPowerShell\v1.0;D:\Java\jdk1.8.0_191\bi;D:\Java\jdk1.8.0_191\jre\bin";D:\TortoiseGit\bin;D:\TortoiseSVN\bin;D:\GJL\apache-maven-3.5.3\bin;C:\Users\Administrator\AppData\Local\Microsoft\WindowsApps
USERNAME=Administrator
DISPLAY=:0.0
OS=Windows_NT
PROCESSOR_IDENTIFIER=Intel64 Family 6 Model 15 Stepping 11, GenuineIntel



---------------  S Y S T E M  ---------------

OS: Windows 10 , 64 bit Build 16299 (10.0.16299.1806)

CPU:total 8 (initial active 8) (8 cores per cpu, 1 threads per core) family 6 model 15 stepping 11, cmov, cx8, fxsr, mmx, sse, sse2, sse3, ssse3, sse4.1, sse4.2, tsc

Memory: 4k page, system-wide physical 16383M (9133M free)
TotalPageFile size 41983M (AvailPageFile size 123M)
current process WorkingSet (physical memory assigned to process): 10M, peak: 10M
current process commit charge ("private bytes"): 60M, peak: 316M

vm_info: OpenJDK 64-Bit Server VM (11.0.4+10-b520.11) for windows-amd64 JRE (11.0.4+10-b520.11), built on Nov 16 2019 04:35:14 by "" with MS VC++ 14.0 (VS2015)

END.
